2025-07-24 09:26:02 [background-preinit] INFO  o.h.validator.internal.util.Version - HV000001: Hibernate Validator 8.0.1.Final
2025-07-24 09:26:02 [restartedMain] INFO  c.z.springbootstart.CLZLApplication - Starting CLZLApplication using Java 23.0.1 with PID 20908 (D:\springbootstart\target\classes started by 11241 in D:\springbootstart)
2025-07-24 09:26:02 [restartedMain] DEBUG c.z.springbootstart.CLZLApplication - Running with Spring Boot v3.4.0, Spring v6.2.0
2025-07-24 09:26:02 [restartedMain] INFO  c.z.springbootstart.CLZLApplication - No active profile set, falling back to 1 default profile: "default"
2025-07-24 09:26:02 [restartedMain] INFO  o.s.b.d.e.DevToolsPropertyDefaultsPostProcessor - Devtools property defaults active! Set 'spring.devtools.add-properties' to 'false' to disable
2025-07-24 09:26:02 [restartedMain] INFO  o.s.b.d.e.DevToolsPropertyDefaultsPostProcessor - For additional web related logging consider setting the 'logging.level.web' property to 'DEBUG'
2025-07-24 09:26:03 [restartedMain] INFO  o.s.d.r.c.RepositoryConfigurationDelegate - Multiple Spring Data modules found, entering strict repository configuration mode
2025-07-24 09:26:03 [restartedMain] INFO  o.s.d.r.c.RepositoryConfigurationDelegate - Bootstrapping Spring Data JPA repositories in DEFAULT mode.
2025-07-24 09:26:03 [restartedMain] INFO  o.s.d.r.c.RepositoryConfigurationDelegate - Finished Spring Data repository scanning in 12 ms. Found 0 JPA repository interfaces.
2025-07-24 09:26:03 [restartedMain] INFO  o.s.d.r.c.RepositoryConfigurationDelegate - Multiple Spring Data modules found, entering strict repository configuration mode
2025-07-24 09:26:03 [restartedMain] INFO  o.s.d.r.c.RepositoryConfigurationDelegate - Bootstrapping Spring Data Redis repositories in DEFAULT mode.
2025-07-24 09:26:03 [restartedMain] INFO  o.s.d.r.c.RepositoryConfigurationDelegate - Finished Spring Data repository scanning in 3 ms. Found 0 Redis repository interfaces.
2025-07-24 09:26:03 [restartedMain] INFO  o.s.b.w.e.tomcat.TomcatWebServer - Tomcat initialized with port 4096 (http)
2025-07-24 09:26:03 [restartedMain] INFO  o.a.c.core.AprLifecycleListener - An older version [1.3.0] of the Apache Tomcat Native library is installed, while Tomcat recommends a minimum version of [2.0.5]
2025-07-24 09:26:03 [restartedMain] INFO  o.a.c.core.AprLifecycleListener - Loaded Apache Tomcat Native library [1.3.0] using APR version [1.7.4].
2025-07-24 09:26:03 [restartedMain] INFO  o.a.c.core.AprLifecycleListener - OpenSSL successfully initialized [OpenSSL 3.0.13 30 Jan 2024]
2025-07-24 09:26:03 [restartedMain] INFO  o.a.coyote.http11.Http11NioProtocol - Initializing ProtocolHandler ["http-nio-4096"]
2025-07-24 09:26:03 [restartedMain] INFO  o.a.catalina.core.StandardService - Starting service [Tomcat]
2025-07-24 09:26:03 [restartedMain] INFO  o.a.catalina.core.StandardEngine - Starting Servlet engine: [Apache Tomcat/10.1.33]
2025-07-24 09:26:03 [restartedMain] INFO  o.a.c.c.C.[.[localhost].[/zxk] - Initializing Spring embedded WebApplicationContext
2025-07-24 09:26:03 [restartedMain] INFO  o.s.b.w.s.c.ServletWebServerApplicationContext - Root WebApplicationContext: initialization completed in 1739 ms
2025-07-24 09:26:04 [restartedMain] INFO  com.zaxxer.hikari.HikariDataSource - HikariPool-1 - Starting...
2025-07-24 09:26:04 [restartedMain] INFO  com.zaxxer.hikari.pool.HikariPool - HikariPool-1 - Added connection com.mysql.cj.jdbc.ConnectionImpl@3db5992c
2025-07-24 09:26:04 [restartedMain] INFO  com.zaxxer.hikari.HikariDataSource - HikariPool-1 - Start completed.
2025-07-24 09:26:04 [restartedMain] INFO  o.h.jpa.internal.util.LogHelper - HHH000204: Processing PersistenceUnitInfo [name: default]
2025-07-24 09:26:04 [restartedMain] INFO  org.hibernate.Version - HHH000412: Hibernate ORM core version 6.6.2.Final
2025-07-24 09:26:04 [restartedMain] INFO  o.h.c.i.RegionFactoryInitiator - HHH000026: Second-level cache disabled
2025-07-24 09:26:05 [restartedMain] INFO  o.s.o.j.p.SpringPersistenceUnitInfo - No LoadTimeWeaver setup: ignoring JPA class transformer
2025-07-24 09:26:05 [restartedMain] INFO  o.hibernate.orm.connections.pooling - HHH10001005: Database info:
	Database JDBC URL [Connecting through datasource 'HikariDataSource (HikariPool-1)']
	Database driver: undefined/unknown
	Database version: 8.2
	Autocommit mode: undefined/unknown
	Isolation level: undefined/unknown
	Minimum pool size: undefined/unknown
	Maximum pool size: undefined/unknown
2025-07-24 09:26:05 [restartedMain] INFO  o.h.e.t.j.p.i.JtaPlatformInitiator - HHH000489: No JTA platform available (set 'hibernate.transaction.jta.platform' to enable JTA platform integration)
2025-07-24 09:26:05 [restartedMain] INFO  o.s.o.j.LocalContainerEntityManagerFactoryBean - Initialized JPA EntityManagerFactory for persistence unit 'default'
2025-07-24 09:26:06 [restartedMain] WARN  o.s.b.a.o.j.JpaBaseConfiguration$JpaWebConfiguration - spring.jpa.open-in-view is enabled by default. Therefore, database queries may be performed during view rendering. Explicitly configure spring.jpa.open-in-view to disable this warning
2025-07-24 09:26:06 [restartedMain] INFO  o.s.b.d.a.OptionalLiveReloadServer - LiveReload server is running on port 35729
2025-07-24 09:26:06 [restartedMain] INFO  o.a.coyote.http11.Http11NioProtocol - Starting ProtocolHandler ["http-nio-4096"]
2025-07-24 09:26:06 [restartedMain] INFO  o.s.b.w.e.tomcat.TomcatWebServer - Tomcat started on port 4096 (http) with context path '/zxk'
2025-07-24 09:26:06 [restartedMain] INFO  c.z.springbootstart.CLZLApplication - Started CLZLApplication in 4.897 seconds (process running for 5.678)
2025-07-24 09:26:11 [http-nio-4096-exec-1] INFO  o.a.c.c.C.[.[localhost].[/zxk] - Initializing Spring DispatcherServlet 'dispatcherServlet'
2025-07-24 09:26:11 [http-nio-4096-exec-1] INFO  o.s.web.servlet.DispatcherServlet - Initializing Servlet 'dispatcherServlet'
2025-07-24 09:26:11 [http-nio-4096-exec-1] INFO  o.s.web.servlet.DispatcherServlet - Completed initialization in 2 ms
2025-07-24 09:26:11 [http-nio-4096-exec-1] DEBUG c.z.s.mapper.CarMapper.getAllCar - ==>  Preparing: select * from che
2025-07-24 09:26:11 [http-nio-4096-exec-1] DEBUG c.z.s.mapper.CarMapper.getAllCar - ==> Parameters: 
2025-07-24 09:26:11 [http-nio-4096-exec-1] DEBUG c.z.s.mapper.CarMapper.getAllCar - <==      Total: 85
2025-07-24 09:26:32 [http-nio-4096-exec-3] DEBUG c.z.s.mapper.CarMapper.getAllCar - ==>  Preparing: select * from che
2025-07-24 09:26:32 [http-nio-4096-exec-3] DEBUG c.z.s.mapper.CarMapper.getAllCar - ==> Parameters: 
2025-07-24 09:26:32 [http-nio-4096-exec-3] DEBUG c.z.s.mapper.CarMapper.getAllCar - <==      Total: 85
2025-07-24 09:26:53 [http-nio-4096-exec-4] DEBUG c.z.s.mapper.UserMapper.findByEmail - ==>  Preparing: select * from user where email = ?
2025-07-24 09:26:53 [http-nio-4096-exec-4] DEBUG c.z.s.mapper.UserMapper.findByEmail - ==> Parameters: 1124127770@qq.com(String)
2025-07-24 09:26:53 [http-nio-4096-exec-4] DEBUG c.z.s.mapper.UserMapper.findByEmail - <==      Total: 1
2025-07-24 09:26:53 [http-nio-4096-exec-5] DEBUG c.z.s.mapper.CarMapper.getAllCar - ==>  Preparing: select * from che
2025-07-24 09:26:53 [http-nio-4096-exec-5] DEBUG c.z.s.mapper.CarMapper.getAllCar - ==> Parameters: 
2025-07-24 09:26:53 [http-nio-4096-exec-5] DEBUG c.z.s.mapper.CarMapper.getAllCar - <==      Total: 85
2025-07-24 09:27:00 [http-nio-4096-exec-6] DEBUG c.z.s.mapper.UserMapper.findById - ==>  Preparing: select * from user where id = ?
2025-07-24 09:27:00 [http-nio-4096-exec-6] DEBUG c.z.s.mapper.UserMapper.findById - ==> Parameters: 1(Integer)
2025-07-24 09:27:00 [http-nio-4096-exec-6] DEBUG c.z.s.mapper.UserMapper.findById - <==      Total: 1
2025-07-24 09:27:00 [http-nio-4096-exec-6] DEBUG c.z.s.mapper.OrderMapper.getAll - ==>  Preparing: select * from `order`
2025-07-24 09:27:00 [http-nio-4096-exec-6] DEBUG c.z.s.mapper.OrderMapper.getAll - ==> Parameters: 
2025-07-24 09:27:00 [http-nio-4096-exec-6] DEBUG c.z.s.mapper.OrderMapper.getAll - <==      Total: 4
2025-07-24 09:27:13 [http-nio-4096-exec-7] DEBUG c.z.s.mapper.CarMapper.getAllCar - ==>  Preparing: select * from che
2025-07-24 09:27:13 [http-nio-4096-exec-7] DEBUG c.z.s.mapper.CarMapper.getAllCar - ==> Parameters: 
2025-07-24 09:27:13 [http-nio-4096-exec-7] DEBUG c.z.s.mapper.CarMapper.getAllCar - <==      Total: 85
2025-07-24 09:33:13 [http-nio-4096-exec-8] DEBUG c.z.s.mapper.CarMapper.getAllCar - ==>  Preparing: select * from che
2025-07-24 09:33:13 [http-nio-4096-exec-8] DEBUG c.z.s.mapper.CarMapper.getAllCar - ==> Parameters: 
2025-07-24 09:33:13 [http-nio-4096-exec-8] DEBUG c.z.s.mapper.CarMapper.getAllCar - <==      Total: 85
2025-07-24 09:33:17 [http-nio-4096-exec-9] DEBUG c.z.s.mapper.CarMapper.getAllCar - ==>  Preparing: select * from che
2025-07-24 09:33:17 [http-nio-4096-exec-9] DEBUG c.z.s.mapper.CarMapper.getAllCar - ==> Parameters: 
2025-07-24 09:33:17 [http-nio-4096-exec-9] DEBUG c.z.s.mapper.CarMapper.getAllCar - <==      Total: 85
2025-07-24 09:36:51 [SpringApplicationShutdownHook] INFO  o.s.b.w.e.tomcat.GracefulShutdown - Commencing graceful shutdown. Waiting for active requests to complete
2025-07-24 09:36:51 [tomcat-shutdown] INFO  o.s.b.w.e.tomcat.GracefulShutdown - Graceful shutdown complete
2025-07-24 09:36:51 [SpringApplicationShutdownHook] INFO  o.s.o.j.LocalContainerEntityManagerFactoryBean - Closing JPA EntityManagerFactory for persistence unit 'default'
2025-07-24 09:36:51 [SpringApplicationShutdownHook] INFO  com.zaxxer.hikari.HikariDataSource - HikariPool-1 - Shutdown initiated...
2025-07-24 09:36:51 [SpringApplicationShutdownHook] INFO  com.zaxxer.hikari.HikariDataSource - HikariPool-1 - Shutdown completed.
2025-07-24 09:42:20 [background-preinit] INFO  o.h.validator.internal.util.Version - HV000001: Hibernate Validator 8.0.1.Final
2025-07-24 09:42:20 [restartedMain] INFO  c.z.springbootstart.CLZLApplication - Starting CLZLApplication using Java 23.0.1 with PID 19620 (D:\springbootstart\target\classes started by 11241 in D:\springbootstart)
2025-07-24 09:42:20 [restartedMain] DEBUG c.z.springbootstart.CLZLApplication - Running with Spring Boot v3.4.0, Spring v6.2.0
2025-07-24 09:42:20 [restartedMain] INFO  c.z.springbootstart.CLZLApplication - No active profile set, falling back to 1 default profile: "default"
2025-07-24 09:42:20 [restartedMain] INFO  o.s.b.d.e.DevToolsPropertyDefaultsPostProcessor - Devtools property defaults active! Set 'spring.devtools.add-properties' to 'false' to disable
2025-07-24 09:42:20 [restartedMain] INFO  o.s.b.d.e.DevToolsPropertyDefaultsPostProcessor - For additional web related logging consider setting the 'logging.level.web' property to 'DEBUG'
2025-07-24 09:42:21 [restartedMain] INFO  o.s.d.r.c.RepositoryConfigurationDelegate - Multiple Spring Data modules found, entering strict repository configuration mode
2025-07-24 09:42:21 [restartedMain] INFO  o.s.d.r.c.RepositoryConfigurationDelegate - Bootstrapping Spring Data JPA repositories in DEFAULT mode.
2025-07-24 09:42:21 [restartedMain] INFO  o.s.d.r.c.RepositoryConfigurationDelegate - Finished Spring Data repository scanning in 6 ms. Found 0 JPA repository interfaces.
2025-07-24 09:42:21 [restartedMain] INFO  o.s.d.r.c.RepositoryConfigurationDelegate - Multiple Spring Data modules found, entering strict repository configuration mode
2025-07-24 09:42:21 [restartedMain] INFO  o.s.d.r.c.RepositoryConfigurationDelegate - Bootstrapping Spring Data Redis repositories in DEFAULT mode.
2025-07-24 09:42:21 [restartedMain] INFO  o.s.d.r.c.RepositoryConfigurationDelegate - Finished Spring Data repository scanning in 3 ms. Found 0 Redis repository interfaces.
2025-07-24 09:42:21 [restartedMain] INFO  o.s.b.w.e.tomcat.TomcatWebServer - Tomcat initialized with port 4096 (http)
2025-07-24 09:42:21 [restartedMain] INFO  o.a.c.core.AprLifecycleListener - An older version [1.3.0] of the Apache Tomcat Native library is installed, while Tomcat recommends a minimum version of [2.0.5]
2025-07-24 09:42:21 [restartedMain] INFO  o.a.c.core.AprLifecycleListener - Loaded Apache Tomcat Native library [1.3.0] using APR version [1.7.4].
2025-07-24 09:42:21 [restartedMain] INFO  o.a.c.core.AprLifecycleListener - OpenSSL successfully initialized [OpenSSL 3.0.13 30 Jan 2024]
2025-07-24 09:42:21 [restartedMain] INFO  o.a.coyote.http11.Http11NioProtocol - Initializing ProtocolHandler ["http-nio-4096"]
2025-07-24 09:42:21 [restartedMain] INFO  o.a.catalina.core.StandardService - Starting service [Tomcat]
2025-07-24 09:42:21 [restartedMain] INFO  o.a.catalina.core.StandardEngine - Starting Servlet engine: [Apache Tomcat/10.1.33]
2025-07-24 09:42:21 [restartedMain] INFO  o.a.c.c.C.[.[localhost].[/zxk] - Initializing Spring embedded WebApplicationContext
2025-07-24 09:42:21 [restartedMain] INFO  o.s.b.w.s.c.ServletWebServerApplicationContext - Root WebApplicationContext: initialization completed in 1074 ms
2025-07-24 09:42:21 [restartedMain] INFO  com.zaxxer.hikari.HikariDataSource - HikariPool-1 - Starting...
2025-07-24 09:42:22 [restartedMain] INFO  com.zaxxer.hikari.pool.HikariPool - HikariPool-1 - Added connection com.mysql.cj.jdbc.ConnectionImpl@2009bfdf
2025-07-24 09:42:22 [restartedMain] INFO  com.zaxxer.hikari.HikariDataSource - HikariPool-1 - Start completed.
2025-07-24 09:42:22 [restartedMain] INFO  o.h.jpa.internal.util.LogHelper - HHH000204: Processing PersistenceUnitInfo [name: default]
2025-07-24 09:42:22 [restartedMain] INFO  org.hibernate.Version - HHH000412: Hibernate ORM core version 6.6.2.Final
2025-07-24 09:42:22 [restartedMain] INFO  o.h.c.i.RegionFactoryInitiator - HHH000026: Second-level cache disabled
2025-07-24 09:42:22 [restartedMain] INFO  o.s.o.j.p.SpringPersistenceUnitInfo - No LoadTimeWeaver setup: ignoring JPA class transformer
2025-07-24 09:42:22 [restartedMain] INFO  o.hibernate.orm.connections.pooling - HHH10001005: Database info:
	Database JDBC URL [Connecting through datasource 'HikariDataSource (HikariPool-1)']
	Database driver: undefined/unknown
	Database version: 8.2
	Autocommit mode: undefined/unknown
	Isolation level: undefined/unknown
	Minimum pool size: undefined/unknown
	Maximum pool size: undefined/unknown
2025-07-24 09:42:22 [restartedMain] INFO  o.h.e.t.j.p.i.JtaPlatformInitiator - HHH000489: No JTA platform available (set 'hibernate.transaction.jta.platform' to enable JTA platform integration)
2025-07-24 09:42:22 [restartedMain] INFO  o.s.o.j.LocalContainerEntityManagerFactoryBean - Initialized JPA EntityManagerFactory for persistence unit 'default'
2025-07-24 09:42:23 [restartedMain] WARN  o.s.b.a.o.j.JpaBaseConfiguration$JpaWebConfiguration - spring.jpa.open-in-view is enabled by default. Therefore, database queries may be performed during view rendering. Explicitly configure spring.jpa.open-in-view to disable this warning
2025-07-24 09:42:23 [restartedMain] INFO  o.s.b.d.a.OptionalLiveReloadServer - LiveReload server is running on port 35729
2025-07-24 09:42:23 [restartedMain] INFO  o.a.coyote.http11.Http11NioProtocol - Starting ProtocolHandler ["http-nio-4096"]
2025-07-24 09:42:23 [restartedMain] INFO  o.s.b.w.e.tomcat.TomcatWebServer - Tomcat started on port 4096 (http) with context path '/zxk'
2025-07-24 09:42:23 [restartedMain] INFO  c.z.springbootstart.CLZLApplication - Started CLZLApplication in 3.258 seconds (process running for 3.865)
2025-07-24 09:42:36 [http-nio-4096-exec-1] INFO  o.a.c.c.C.[.[localhost].[/zxk] - Initializing Spring DispatcherServlet 'dispatcherServlet'
2025-07-24 09:42:36 [http-nio-4096-exec-1] INFO  o.s.web.servlet.DispatcherServlet - Initializing Servlet 'dispatcherServlet'
2025-07-24 09:42:36 [http-nio-4096-exec-1] INFO  o.s.web.servlet.DispatcherServlet - Completed initialization in 1 ms
2025-07-24 09:42:36 [http-nio-4096-exec-1] DEBUG c.z.s.mapper.CarMapper.getAllCar - ==>  Preparing: select * from che
2025-07-24 09:42:36 [http-nio-4096-exec-1] DEBUG c.z.s.mapper.CarMapper.getAllCar - ==> Parameters: 
2025-07-24 09:42:36 [http-nio-4096-exec-1] DEBUG c.z.s.mapper.CarMapper.getAllCar - <==      Total: 85
2025-07-24 09:42:39 [http-nio-4096-exec-3] DEBUG c.z.s.mapper.CarMapper.getAllCar - ==>  Preparing: select * from che
2025-07-24 09:42:39 [http-nio-4096-exec-3] DEBUG c.z.s.mapper.CarMapper.getAllCar - ==> Parameters: 
2025-07-24 09:42:39 [http-nio-4096-exec-3] DEBUG c.z.s.mapper.CarMapper.getAllCar - <==      Total: 85
2025-07-24 10:33:54 [SpringApplicationShutdownHook] INFO  o.s.b.w.e.tomcat.GracefulShutdown - Commencing graceful shutdown. Waiting for active requests to complete
2025-07-24 10:33:54 [tomcat-shutdown] INFO  o.s.b.w.e.tomcat.GracefulShutdown - Graceful shutdown complete
2025-07-24 10:33:54 [SpringApplicationShutdownHook] INFO  o.s.o.j.LocalContainerEntityManagerFactoryBean - Closing JPA EntityManagerFactory for persistence unit 'default'
2025-07-24 10:33:54 [SpringApplicationShutdownHook] INFO  com.zaxxer.hikari.HikariDataSource - HikariPool-1 - Shutdown initiated...
2025-07-24 10:33:54 [SpringApplicationShutdownHook] INFO  com.zaxxer.hikari.HikariDataSource - HikariPool-1 - Shutdown completed.
2025-07-24 15:04:41 [background-preinit] INFO  o.h.validator.internal.util.Version - HV000001: Hibernate Validator 8.0.1.Final
2025-07-24 15:04:41 [restartedMain] INFO  c.z.springbootstart.CLZLApplication - Starting CLZLApplication using Java 23.0.1 with PID 24384 (D:\springbootstart\target\classes started by 11241 in D:\springbootstart)
2025-07-24 15:04:41 [restartedMain] DEBUG c.z.springbootstart.CLZLApplication - Running with Spring Boot v3.4.0, Spring v6.2.0
2025-07-24 15:04:41 [restartedMain] INFO  c.z.springbootstart.CLZLApplication - No active profile set, falling back to 1 default profile: "default"
2025-07-24 15:04:41 [restartedMain] INFO  o.s.b.d.e.DevToolsPropertyDefaultsPostProcessor - Devtools property defaults active! Set 'spring.devtools.add-properties' to 'false' to disable
2025-07-24 15:04:41 [restartedMain] INFO  o.s.b.d.e.DevToolsPropertyDefaultsPostProcessor - For additional web related logging consider setting the 'logging.level.web' property to 'DEBUG'
2025-07-24 15:04:42 [restartedMain] INFO  o.s.d.r.c.RepositoryConfigurationDelegate - Multiple Spring Data modules found, entering strict repository configuration mode
2025-07-24 15:04:42 [restartedMain] INFO  o.s.d.r.c.RepositoryConfigurationDelegate - Bootstrapping Spring Data JPA repositories in DEFAULT mode.
2025-07-24 15:04:42 [restartedMain] INFO  o.s.d.r.c.RepositoryConfigurationDelegate - Finished Spring Data repository scanning in 6 ms. Found 0 JPA repository interfaces.
2025-07-24 15:04:42 [restartedMain] INFO  o.s.d.r.c.RepositoryConfigurationDelegate - Multiple Spring Data modules found, entering strict repository configuration mode
2025-07-24 15:04:42 [restartedMain] INFO  o.s.d.r.c.RepositoryConfigurationDelegate - Bootstrapping Spring Data Redis repositories in DEFAULT mode.
2025-07-24 15:04:42 [restartedMain] INFO  o.s.d.r.c.RepositoryConfigurationDelegate - Finished Spring Data repository scanning in 3 ms. Found 0 Redis repository interfaces.
2025-07-24 15:04:42 [restartedMain] INFO  o.s.b.w.e.tomcat.TomcatWebServer - Tomcat initialized with port 4096 (http)
2025-07-24 15:04:42 [restartedMain] INFO  o.a.c.core.AprLifecycleListener - An older version [1.3.0] of the Apache Tomcat Native library is installed, while Tomcat recommends a minimum version of [2.0.5]
2025-07-24 15:04:42 [restartedMain] INFO  o.a.c.core.AprLifecycleListener - Loaded Apache Tomcat Native library [1.3.0] using APR version [1.7.4].
2025-07-24 15:04:42 [restartedMain] INFO  o.a.c.core.AprLifecycleListener - OpenSSL successfully initialized [OpenSSL 3.0.13 30 Jan 2024]
2025-07-24 15:04:42 [restartedMain] INFO  o.a.coyote.http11.Http11NioProtocol - Initializing ProtocolHandler ["http-nio-4096"]
2025-07-24 15:04:42 [restartedMain] INFO  o.a.catalina.core.StandardService - Starting service [Tomcat]
2025-07-24 15:04:42 [restartedMain] INFO  o.a.catalina.core.StandardEngine - Starting Servlet engine: [Apache Tomcat/10.1.33]
2025-07-24 15:04:42 [restartedMain] INFO  o.a.c.c.C.[.[localhost].[/zxk] - Initializing Spring embedded WebApplicationContext
2025-07-24 15:04:42 [restartedMain] INFO  o.s.b.w.s.c.ServletWebServerApplicationContext - Root WebApplicationContext: initialization completed in 1236 ms
2025-07-24 15:04:42 [restartedMain] INFO  com.zaxxer.hikari.HikariDataSource - HikariPool-1 - Starting...
2025-07-24 15:04:43 [restartedMain] INFO  com.zaxxer.hikari.pool.HikariPool - HikariPool-1 - Added connection com.mysql.cj.jdbc.ConnectionImpl@65953b31
2025-07-24 15:04:43 [restartedMain] INFO  com.zaxxer.hikari.HikariDataSource - HikariPool-1 - Start completed.
2025-07-24 15:04:43 [restartedMain] INFO  o.h.jpa.internal.util.LogHelper - HHH000204: Processing PersistenceUnitInfo [name: default]
2025-07-24 15:04:43 [restartedMain] INFO  org.hibernate.Version - HHH000412: Hibernate ORM core version 6.6.2.Final
2025-07-24 15:04:43 [restartedMain] INFO  o.h.c.i.RegionFactoryInitiator - HHH000026: Second-level cache disabled
2025-07-24 15:04:43 [restartedMain] INFO  o.s.o.j.p.SpringPersistenceUnitInfo - No LoadTimeWeaver setup: ignoring JPA class transformer
2025-07-24 15:04:43 [restartedMain] INFO  o.hibernate.orm.connections.pooling - HHH10001005: Database info:
	Database JDBC URL [Connecting through datasource 'HikariDataSource (HikariPool-1)']
	Database driver: undefined/unknown
	Database version: 8.2
	Autocommit mode: undefined/unknown
	Isolation level: undefined/unknown
	Minimum pool size: undefined/unknown
	Maximum pool size: undefined/unknown
2025-07-24 15:04:43 [restartedMain] INFO  o.h.e.t.j.p.i.JtaPlatformInitiator - HHH000489: No JTA platform available (set 'hibernate.transaction.jta.platform' to enable JTA platform integration)
2025-07-24 15:04:43 [restartedMain] INFO  o.s.o.j.LocalContainerEntityManagerFactoryBean - Initialized JPA EntityManagerFactory for persistence unit 'default'
2025-07-24 15:04:44 [restartedMain] WARN  o.s.b.a.o.j.JpaBaseConfiguration$JpaWebConfiguration - spring.jpa.open-in-view is enabled by default. Therefore, database queries may be performed during view rendering. Explicitly configure spring.jpa.open-in-view to disable this warning
2025-07-24 15:04:44 [restartedMain] INFO  o.s.b.d.a.OptionalLiveReloadServer - LiveReload server is running on port 35729
2025-07-24 15:04:44 [restartedMain] INFO  o.a.coyote.http11.Http11NioProtocol - Starting ProtocolHandler ["http-nio-4096"]
2025-07-24 15:04:44 [restartedMain] INFO  o.s.b.w.e.tomcat.TomcatWebServer - Tomcat started on port 4096 (http) with context path '/zxk'
2025-07-24 15:04:44 [restartedMain] INFO  c.z.springbootstart.CLZLApplication - Started CLZLApplication in 3.917 seconds (process running for 4.682)
2025-07-24 15:06:07 [http-nio-4096-exec-1] INFO  o.a.c.c.C.[.[localhost].[/zxk] - Initializing Spring DispatcherServlet 'dispatcherServlet'
2025-07-24 15:06:07 [http-nio-4096-exec-1] INFO  o.s.web.servlet.DispatcherServlet - Initializing Servlet 'dispatcherServlet'
2025-07-24 15:06:07 [http-nio-4096-exec-1] INFO  o.s.web.servlet.DispatcherServlet - Completed initialization in 1 ms
2025-07-24 15:06:07 [http-nio-4096-exec-1] DEBUG c.z.s.mapper.CarMapper.getAllCar - ==>  Preparing: select * from che
2025-07-24 15:06:07 [http-nio-4096-exec-1] DEBUG c.z.s.mapper.CarMapper.getAllCar - ==> Parameters: 
2025-07-24 15:06:07 [http-nio-4096-exec-1] DEBUG c.z.s.mapper.CarMapper.getAllCar - <==      Total: 85
2025-07-24 15:06:39 [http-nio-4096-exec-2] DEBUG c.z.s.mapper.CarMapper.getAllCar - ==>  Preparing: select * from che
2025-07-24 15:06:39 [http-nio-4096-exec-2] DEBUG c.z.s.mapper.CarMapper.getAllCar - ==> Parameters: 
2025-07-24 15:06:39 [http-nio-4096-exec-2] DEBUG c.z.s.mapper.CarMapper.getAllCar - <==      Total: 85
2025-07-24 15:06:49 [http-nio-4096-exec-3] DEBUG c.z.s.mapper.UserMapper.findByEmail - ==>  Preparing: select * from user where email = ?
2025-07-24 15:06:49 [http-nio-4096-exec-3] DEBUG c.z.s.mapper.UserMapper.findByEmail - ==> Parameters: 1124127770@qq.com(String)
2025-07-24 15:06:49 [http-nio-4096-exec-3] DEBUG c.z.s.mapper.UserMapper.findByEmail - <==      Total: 1
2025-07-24 15:06:49 [http-nio-4096-exec-4] DEBUG c.z.s.mapper.CarMapper.getAllCar - ==>  Preparing: select * from che
2025-07-24 15:06:49 [http-nio-4096-exec-4] DEBUG c.z.s.mapper.CarMapper.getAllCar - ==> Parameters: 
2025-07-24 15:06:49 [http-nio-4096-exec-4] DEBUG c.z.s.mapper.CarMapper.getAllCar - <==      Total: 85
2025-07-24 15:06:51 [http-nio-4096-exec-5] DEBUG c.z.s.mapper.UserMapper.findById - ==>  Preparing: select * from user where id = ?
2025-07-24 15:06:51 [http-nio-4096-exec-5] DEBUG c.z.s.mapper.UserMapper.findById - ==> Parameters: 1(Integer)
2025-07-24 15:06:51 [http-nio-4096-exec-5] DEBUG c.z.s.mapper.UserMapper.findById - <==      Total: 1
2025-07-24 15:06:51 [http-nio-4096-exec-5] DEBUG c.z.s.mapper.OrderMapper.getAll - ==>  Preparing: select * from `order`
2025-07-24 15:06:51 [http-nio-4096-exec-5] DEBUG c.z.s.mapper.OrderMapper.getAll - ==> Parameters: 
2025-07-24 15:06:51 [http-nio-4096-exec-5] DEBUG c.z.s.mapper.OrderMapper.getAll - <==      Total: 4
2025-07-24 15:14:14 [http-nio-4096-exec-6] DEBUG c.z.s.mapper.CarMapper.getAllCar - ==>  Preparing: select * from che
2025-07-24 15:14:14 [http-nio-4096-exec-6] DEBUG c.z.s.mapper.CarMapper.getAllCar - ==> Parameters: 
2025-07-24 15:14:14 [http-nio-4096-exec-6] DEBUG c.z.s.mapper.CarMapper.getAllCar - <==      Total: 85
2025-07-24 15:14:16 [http-nio-4096-exec-8] DEBUG c.z.s.mapper.ReplyMapper.getAllReply - ==>  Preparing: select * from replies
2025-07-24 15:14:16 [http-nio-4096-exec-8] DEBUG c.z.s.mapper.ReplyMapper.getAllReply - ==> Parameters: 
2025-07-24 15:14:16 [http-nio-4096-exec-7] DEBUG c.z.s.m.AnnouncementMapper.GetAll - ==>  Preparing: select * from announcements
2025-07-24 15:14:16 [http-nio-4096-exec-7] DEBUG c.z.s.m.AnnouncementMapper.GetAll - ==> Parameters: 
2025-07-24 15:14:16 [http-nio-4096-exec-8] DEBUG c.z.s.mapper.ReplyMapper.getAllReply - <==      Total: 13
2025-07-24 15:14:16 [http-nio-4096-exec-7] DEBUG c.z.s.m.AnnouncementMapper.GetAll - <==      Total: 5
2025-07-24 15:14:18 [http-nio-4096-exec-9] DEBUG c.z.s.m.AnnouncementMapper.GetAll - ==>  Preparing: select * from announcements
2025-07-24 15:14:18 [http-nio-4096-exec-10] DEBUG c.z.s.mapper.ReplyMapper.getAllReply - ==>  Preparing: select * from replies
2025-07-24 15:14:18 [http-nio-4096-exec-9] DEBUG c.z.s.m.AnnouncementMapper.GetAll - ==> Parameters: 
2025-07-24 15:14:18 [http-nio-4096-exec-10] DEBUG c.z.s.mapper.ReplyMapper.getAllReply - ==> Parameters: 
2025-07-24 15:14:18 [http-nio-4096-exec-9] DEBUG c.z.s.m.AnnouncementMapper.GetAll - <==      Total: 5
2025-07-24 15:14:18 [http-nio-4096-exec-10] DEBUG c.z.s.mapper.ReplyMapper.getAllReply - <==      Total: 13
2025-07-24 15:14:20 [virtual-92] DEBUG c.z.s.m.A.incrementCount - ==>  Preparing: UPDATE announcements SET like_count = like_count + ? WHERE id = ?
2025-07-24 15:14:20 [virtual-92] DEBUG c.z.s.m.A.incrementCount - ==> Parameters: 1(Long), 1(Integer)
2025-07-24 15:14:20 [virtual-92] DEBUG c.z.s.m.A.incrementCount - <==    Updates: 1
2025-07-24 15:14:28 [http-nio-4096-exec-2] DEBUG c.z.s.mapper.ReplyMapper.insertReply - ==>  Preparing: insert into replies(anid,retext,nickname) values(?,?,?)
2025-07-24 15:14:28 [http-nio-4096-exec-2] DEBUG c.z.s.mapper.ReplyMapper.insertReply - ==> Parameters: 1(Integer), OTTO(String), 梦沉彡书远(String)
2025-07-24 15:14:28 [http-nio-4096-exec-2] DEBUG c.z.s.mapper.ReplyMapper.insertReply - <==    Updates: 1
2025-07-24 15:14:29 [http-nio-4096-exec-4] DEBUG c.z.s.mapper.ReplyMapper.getAllReply - ==>  Preparing: select * from replies
2025-07-24 15:14:29 [http-nio-4096-exec-3] DEBUG c.z.s.m.AnnouncementMapper.GetAll - ==>  Preparing: select * from announcements
2025-07-24 15:14:29 [http-nio-4096-exec-4] DEBUG c.z.s.mapper.ReplyMapper.getAllReply - ==> Parameters: 
2025-07-24 15:14:29 [http-nio-4096-exec-3] DEBUG c.z.s.m.AnnouncementMapper.GetAll - ==> Parameters: 
2025-07-24 15:14:29 [http-nio-4096-exec-3] DEBUG c.z.s.m.AnnouncementMapper.GetAll - <==      Total: 5
2025-07-24 15:14:29 [http-nio-4096-exec-4] DEBUG c.z.s.mapper.ReplyMapper.getAllReply - <==      Total: 14
2025-07-24 15:14:47 [virtual-99] DEBUG c.z.s.m.A.incrementCount - ==>  Preparing: UPDATE announcements SET like_count = like_count + ? WHERE id = ?
2025-07-24 15:14:47 [virtual-99] DEBUG c.z.s.m.A.incrementCount - ==> Parameters: 2(Long), 2(Integer)
2025-07-24 15:14:47 [virtual-99] DEBUG c.z.s.m.A.incrementCount - <==    Updates: 1
2025-07-24 15:21:01 [http-nio-4096-exec-6] DEBUG c.z.s.mapper.CarMapper.getAllCar - ==>  Preparing: select * from che
2025-07-24 15:21:01 [http-nio-4096-exec-6] DEBUG c.z.s.mapper.CarMapper.getAllCar - ==> Parameters: 
2025-07-24 15:21:01 [http-nio-4096-exec-6] DEBUG c.z.s.mapper.CarMapper.getAllCar - <==      Total: 85
2025-07-24 15:21:04 [http-nio-4096-exec-7] DEBUG c.z.s.mapper.OrderMapper.insert - ==>  Preparing: INSERT INTO `order`(user_id, che_num, order_id, request_date, status) VALUES(?, ?, ?, ?, ?)
2025-07-24 15:21:04 [http-nio-4096-exec-7] DEBUG c.z.s.mapper.OrderMapper.insert - ==> Parameters: 1(Integer), 40005(String), 0(Integer), null, PENDING(String)
2025-07-24 15:21:04 [http-nio-4096-exec-7] DEBUG c.z.s.mapper.OrderMapper.insert - <==    Updates: 1
2025-07-24 15:21:04 [http-nio-4096-exec-7] DEBUG c.z.s.mapper.CarMapper.updateCar - ==>  Preparing: UPDATE che SET is_zl = 1 WHERE che_num =?
2025-07-24 15:21:04 [http-nio-4096-exec-7] DEBUG c.z.s.mapper.CarMapper.updateCar - ==> Parameters: 40005(String)
2025-07-24 15:21:04 [http-nio-4096-exec-7] DEBUG c.z.s.mapper.CarMapper.updateCar - <==    Updates: 1
2025-07-24 15:21:05 [http-nio-4096-exec-8] DEBUG c.z.s.mapper.CarMapper.getAllCar - ==>  Preparing: select * from che
2025-07-24 15:21:05 [http-nio-4096-exec-8] DEBUG c.z.s.mapper.CarMapper.getAllCar - ==> Parameters: 
2025-07-24 15:21:05 [http-nio-4096-exec-8] DEBUG c.z.s.mapper.CarMapper.getAllCar - <==      Total: 85
2025-07-24 15:21:14 [http-nio-4096-exec-9] DEBUG c.z.s.mapper.UserMapper.findById - ==>  Preparing: select * from user where id = ?
2025-07-24 15:21:14 [http-nio-4096-exec-9] DEBUG c.z.s.mapper.UserMapper.findById - ==> Parameters: 1(Integer)
2025-07-24 15:21:14 [http-nio-4096-exec-9] DEBUG c.z.s.mapper.UserMapper.findById - <==      Total: 1
2025-07-24 15:21:14 [http-nio-4096-exec-9] DEBUG c.z.s.mapper.OrderMapper.getAll - ==>  Preparing: select * from `order`
2025-07-24 15:21:14 [http-nio-4096-exec-9] DEBUG c.z.s.mapper.OrderMapper.getAll - ==> Parameters: 
2025-07-24 15:21:14 [http-nio-4096-exec-9] DEBUG c.z.s.mapper.OrderMapper.getAll - <==      Total: 5
2025-07-24 15:21:16 [http-nio-4096-exec-10] DEBUG c.z.s.mapper.CarMapper.getAllCar - ==>  Preparing: select * from che
2025-07-24 15:21:16 [http-nio-4096-exec-10] DEBUG c.z.s.mapper.CarMapper.getAllCar - ==> Parameters: 
2025-07-24 15:21:16 [http-nio-4096-exec-10] DEBUG c.z.s.mapper.CarMapper.getAllCar - <==      Total: 85
2025-07-24 15:29:58 [http-nio-4096-exec-1] DEBUG c.z.s.mapper.CarMapper.getAllCar - ==>  Preparing: select * from che
2025-07-24 15:29:58 [http-nio-4096-exec-1] DEBUG c.z.s.mapper.CarMapper.getAllCar - ==> Parameters: 
2025-07-24 15:29:58 [http-nio-4096-exec-1] DEBUG c.z.s.mapper.CarMapper.getAllCar - <==      Total: 85
2025-07-24 15:51:16 [File Watcher] INFO  o.s.b.d.a.LocalDevToolsAutoConfiguration$RestartingClassPathChangeChangedEventListener - Restarting due to 1 class path change (0 additions, 0 deletions, 1 modification)
2025-07-24 15:51:16 [Thread-5] INFO  o.s.b.w.e.tomcat.GracefulShutdown - Commencing graceful shutdown. Waiting for active requests to complete
2025-07-24 15:51:16 [tomcat-shutdown] INFO  o.a.coyote.http11.Http11NioProtocol - Pausing ProtocolHandler ["http-nio-4096"]
2025-07-24 15:51:16 [tomcat-shutdown] INFO  o.s.b.w.e.tomcat.GracefulShutdown - Graceful shutdown complete
2025-07-24 15:51:16 [Thread-5] INFO  o.a.coyote.http11.Http11NioProtocol - Stopping ProtocolHandler ["http-nio-4096"]
2025-07-24 15:51:16 [Thread-5] INFO  o.s.o.j.LocalContainerEntityManagerFactoryBean - Closing JPA EntityManagerFactory for persistence unit 'default'
2025-07-24 15:51:16 [Thread-5] INFO  com.zaxxer.hikari.HikariDataSource - HikariPool-1 - Shutdown initiated...
2025-07-24 15:51:16 [Thread-5] INFO  com.zaxxer.hikari.HikariDataSource - HikariPool-1 - Shutdown completed.
2025-07-24 15:51:16 [restartedMain] INFO  c.z.springbootstart.CLZLApplication - Starting CLZLApplication using Java 23.0.1 with PID 24384 (D:\springbootstart\target\classes started by 11241 in D:\springbootstart)
2025-07-24 15:51:16 [restartedMain] DEBUG c.z.springbootstart.CLZLApplication - Running with Spring Boot v3.4.0, Spring v6.2.0
2025-07-24 15:51:16 [restartedMain] INFO  c.z.springbootstart.CLZLApplication - No active profile set, falling back to 1 default profile: "default"
2025-07-24 15:51:17 [restartedMain] INFO  o.s.d.r.c.RepositoryConfigurationDelegate - Multiple Spring Data modules found, entering strict repository configuration mode
2025-07-24 15:51:17 [restartedMain] INFO  o.s.d.r.c.RepositoryConfigurationDelegate - Bootstrapping Spring Data JPA repositories in DEFAULT mode.
2025-07-24 15:51:17 [restartedMain] INFO  o.s.d.r.c.RepositoryConfigurationDelegate - Finished Spring Data repository scanning in 15 ms. Found 0 JPA repository interfaces.
2025-07-24 15:51:17 [restartedMain] INFO  o.s.d.r.c.RepositoryConfigurationDelegate - Multiple Spring Data modules found, entering strict repository configuration mode
2025-07-24 15:51:17 [restartedMain] INFO  o.s.d.r.c.RepositoryConfigurationDelegate - Bootstrapping Spring Data Redis repositories in DEFAULT mode.
2025-07-24 15:51:17 [restartedMain] INFO  o.s.d.r.c.RepositoryConfigurationDelegate - Finished Spring Data repository scanning in 12 ms. Found 0 Redis repository interfaces.
2025-07-24 15:51:17 [restartedMain] INFO  o.s.b.w.e.tomcat.TomcatWebServer - Tomcat initialized with port 4096 (http)
2025-07-24 15:51:17 [restartedMain] INFO  o.a.c.core.AprLifecycleListener - An older version [1.3.0] of the Apache Tomcat Native library is installed, while Tomcat recommends a minimum version of [2.0.5]
2025-07-24 15:51:17 [restartedMain] INFO  o.a.c.core.AprLifecycleListener - Loaded Apache Tomcat Native library [1.3.0] using APR version [1.7.4].
2025-07-24 15:51:17 [restartedMain] INFO  o.a.c.core.AprLifecycleListener - OpenSSL successfully initialized [OpenSSL 3.0.13 30 Jan 2024]
2025-07-24 15:51:17 [restartedMain] INFO  o.a.coyote.http11.Http11NioProtocol - Initializing ProtocolHandler ["http-nio-4096"]
2025-07-24 15:51:17 [restartedMain] INFO  o.a.catalina.core.StandardService - Starting service [Tomcat]
2025-07-24 15:51:17 [restartedMain] INFO  o.a.catalina.core.StandardEngine - Starting Servlet engine: [Apache Tomcat/10.1.33]
2025-07-24 15:51:17 [restartedMain] INFO  o.a.c.c.C.[.[localhost].[/zxk] - Initializing Spring embedded WebApplicationContext
2025-07-24 15:51:17 [restartedMain] INFO  o.s.b.w.s.c.ServletWebServerApplicationContext - Root WebApplicationContext: initialization completed in 968 ms
2025-07-24 15:51:17 [restartedMain] INFO  com.zaxxer.hikari.HikariDataSource - HikariPool-2 - Starting...
2025-07-24 15:51:17 [restartedMain] INFO  com.zaxxer.hikari.pool.HikariPool - HikariPool-2 - Added connection com.mysql.cj.jdbc.ConnectionImpl@7731ba2
2025-07-24 15:51:17 [restartedMain] INFO  com.zaxxer.hikari.HikariDataSource - HikariPool-2 - Start completed.
2025-07-24 15:51:17 [restartedMain] INFO  o.h.jpa.internal.util.LogHelper - HHH000204: Processing PersistenceUnitInfo [name: default]
2025-07-24 15:51:17 [restartedMain] INFO  o.h.c.i.RegionFactoryInitiator - HHH000026: Second-level cache disabled
2025-07-24 15:51:17 [restartedMain] INFO  o.s.o.j.p.SpringPersistenceUnitInfo - No LoadTimeWeaver setup: ignoring JPA class transformer
2025-07-24 15:51:17 [restartedMain] INFO  o.hibernate.orm.connections.pooling - HHH10001005: Database info:
	Database JDBC URL [Connecting through datasource 'HikariDataSource (HikariPool-2)']
	Database driver: undefined/unknown
	Database version: 8.2
	Autocommit mode: undefined/unknown
	Isolation level: undefined/unknown
	Minimum pool size: undefined/unknown
	Maximum pool size: undefined/unknown
2025-07-24 15:51:17 [restartedMain] INFO  o.h.e.t.j.p.i.JtaPlatformInitiator - HHH000489: No JTA platform available (set 'hibernate.transaction.jta.platform' to enable JTA platform integration)
2025-07-24 15:51:17 [restartedMain] INFO  o.s.o.j.LocalContainerEntityManagerFactoryBean - Initialized JPA EntityManagerFactory for persistence unit 'default'
2025-07-24 15:51:18 [restartedMain] WARN  o.s.b.a.o.j.JpaBaseConfiguration$JpaWebConfiguration - spring.jpa.open-in-view is enabled by default. Therefore, database queries may be performed during view rendering. Explicitly configure spring.jpa.open-in-view to disable this warning
2025-07-24 15:51:18 [restartedMain] INFO  o.s.b.d.a.OptionalLiveReloadServer - LiveReload server is running on port 35729
2025-07-24 15:51:18 [restartedMain] INFO  o.a.coyote.http11.Http11NioProtocol - Starting ProtocolHandler ["http-nio-4096"]
2025-07-24 15:51:18 [restartedMain] INFO  o.s.b.w.e.tomcat.TomcatWebServer - Tomcat started on port 4096 (http) with context path '/zxk'
2025-07-24 15:51:18 [restartedMain] INFO  c.z.springbootstart.CLZLApplication - Started CLZLApplication in 1.985 seconds (process running for 2798.289)
2025-07-24 15:51:18 [restartedMain] INFO  o.s.b.d.a.ConditionEvaluationDeltaLoggingListener - Condition evaluation unchanged
2025-07-24 15:51:19 [File Watcher] INFO  o.s.b.d.a.LocalDevToolsAutoConfiguration$RestartingClassPathChangeChangedEventListener - Restarting due to 1 class path change (0 additions, 1 deletion, 0 modifications)
2025-07-24 15:51:19 [Thread-7] INFO  o.s.b.w.e.tomcat.GracefulShutdown - Commencing graceful shutdown. Waiting for active requests to complete
2025-07-24 15:51:19 [tomcat-shutdown] INFO  o.a.coyote.http11.Http11NioProtocol - Pausing ProtocolHandler ["http-nio-4096"]
2025-07-24 15:51:20 [tomcat-shutdown] INFO  o.s.b.w.e.tomcat.GracefulShutdown - Graceful shutdown complete
2025-07-24 15:51:20 [Thread-7] INFO  o.a.coyote.http11.Http11NioProtocol - Stopping ProtocolHandler ["http-nio-4096"]
2025-07-24 15:51:20 [Thread-7] INFO  o.s.o.j.LocalContainerEntityManagerFactoryBean - Closing JPA EntityManagerFactory for persistence unit 'default'
2025-07-24 15:51:20 [Thread-7] INFO  com.zaxxer.hikari.HikariDataSource - HikariPool-2 - Shutdown initiated...
2025-07-24 15:51:20 [Thread-7] INFO  com.zaxxer.hikari.HikariDataSource - HikariPool-2 - Shutdown completed.
2025-07-24 15:51:20 [restartedMain] INFO  c.z.springbootstart.CLZLApplication - Starting CLZLApplication using Java 23.0.1 with PID 24384 (D:\springbootstart\target\classes started by 11241 in D:\springbootstart)
2025-07-24 15:51:20 [restartedMain] DEBUG c.z.springbootstart.CLZLApplication - Running with Spring Boot v3.4.0, Spring v6.2.0
2025-07-24 15:51:20 [restartedMain] INFO  c.z.springbootstart.CLZLApplication - No active profile set, falling back to 1 default profile: "default"
2025-07-24 15:51:21 [restartedMain] INFO  o.s.d.r.c.RepositoryConfigurationDelegate - Multiple Spring Data modules found, entering strict repository configuration mode
2025-07-24 15:51:21 [restartedMain] INFO  o.s.d.r.c.RepositoryConfigurationDelegate - Bootstrapping Spring Data JPA repositories in DEFAULT mode.
2025-07-24 15:51:21 [restartedMain] INFO  o.s.d.r.c.RepositoryConfigurationDelegate - Finished Spring Data repository scanning in 21 ms. Found 0 JPA repository interfaces.
2025-07-24 15:51:21 [restartedMain] INFO  o.s.d.r.c.RepositoryConfigurationDelegate - Multiple Spring Data modules found, entering strict repository configuration mode
2025-07-24 15:51:21 [restartedMain] INFO  o.s.d.r.c.RepositoryConfigurationDelegate - Bootstrapping Spring Data Redis repositories in DEFAULT mode.
2025-07-24 15:51:21 [restartedMain] INFO  o.s.d.r.c.RepositoryConfigurationDelegate - Finished Spring Data repository scanning in 16 ms. Found 0 Redis repository interfaces.
2025-07-24 15:51:21 [restartedMain] INFO  o.s.b.w.e.tomcat.TomcatWebServer - Tomcat initialized with port 4096 (http)
2025-07-24 15:51:21 [restartedMain] INFO  o.a.c.core.AprLifecycleListener - An older version [1.3.0] of the Apache Tomcat Native library is installed, while Tomcat recommends a minimum version of [2.0.5]
2025-07-24 15:51:21 [restartedMain] INFO  o.a.c.core.AprLifecycleListener - Loaded Apache Tomcat Native library [1.3.0] using APR version [1.7.4].
2025-07-24 15:51:21 [restartedMain] INFO  o.a.c.core.AprLifecycleListener - OpenSSL successfully initialized [OpenSSL 3.0.13 30 Jan 2024]
2025-07-24 15:51:21 [restartedMain] INFO  o.a.coyote.http11.Http11NioProtocol - Initializing ProtocolHandler ["http-nio-4096"]
2025-07-24 15:51:21 [restartedMain] INFO  o.a.catalina.core.StandardService - Starting service [Tomcat]
2025-07-24 15:51:21 [restartedMain] INFO  o.a.catalina.core.StandardEngine - Starting Servlet engine: [Apache Tomcat/10.1.33]
2025-07-24 15:51:21 [restartedMain] INFO  o.a.c.c.C.[.[localhost].[/zxk] - Initializing Spring embedded WebApplicationContext
2025-07-24 15:51:21 [restartedMain] INFO  o.s.b.w.s.c.ServletWebServerApplicationContext - Root WebApplicationContext: initialization completed in 1185 ms
2025-07-24 15:51:21 [restartedMain] INFO  com.zaxxer.hikari.HikariDataSource - HikariPool-3 - Starting...
2025-07-24 15:51:21 [restartedMain] INFO  com.zaxxer.hikari.pool.HikariPool - HikariPool-3 - Added connection com.mysql.cj.jdbc.ConnectionImpl@1346f72f
2025-07-24 15:51:21 [restartedMain] INFO  com.zaxxer.hikari.HikariDataSource - HikariPool-3 - Start completed.
2025-07-24 15:51:21 [restartedMain] INFO  o.h.jpa.internal.util.LogHelper - HHH000204: Processing PersistenceUnitInfo [name: default]
2025-07-24 15:51:21 [restartedMain] INFO  o.h.c.i.RegionFactoryInitiator - HHH000026: Second-level cache disabled
2025-07-24 15:51:21 [restartedMain] INFO  o.s.o.j.p.SpringPersistenceUnitInfo - No LoadTimeWeaver setup: ignoring JPA class transformer
2025-07-24 15:51:21 [restartedMain] INFO  o.hibernate.orm.connections.pooling - HHH10001005: Database info:
	Database JDBC URL [Connecting through datasource 'HikariDataSource (HikariPool-3)']
	Database driver: undefined/unknown
	Database version: 8.2
	Autocommit mode: undefined/unknown
	Isolation level: undefined/unknown
	Minimum pool size: undefined/unknown
	Maximum pool size: undefined/unknown
2025-07-24 15:51:22 [restartedMain] INFO  o.h.e.t.j.p.i.JtaPlatformInitiator - HHH000489: No JTA platform available (set 'hibernate.transaction.jta.platform' to enable JTA platform integration)
2025-07-24 15:51:22 [restartedMain] INFO  o.s.o.j.LocalContainerEntityManagerFactoryBean - Initialized JPA EntityManagerFactory for persistence unit 'default'
2025-07-24 15:51:22 [restartedMain] WARN  o.s.b.a.o.j.JpaBaseConfiguration$JpaWebConfiguration - spring.jpa.open-in-view is enabled by default. Therefore, database queries may be performed during view rendering. Explicitly configure spring.jpa.open-in-view to disable this warning
2025-07-24 15:51:22 [restartedMain] INFO  o.s.b.d.a.OptionalLiveReloadServer - LiveReload server is running on port 35729
2025-07-24 15:51:22 [restartedMain] INFO  o.a.coyote.http11.Http11NioProtocol - Starting ProtocolHandler ["http-nio-4096"]
2025-07-24 15:51:22 [restartedMain] INFO  o.s.b.w.e.tomcat.TomcatWebServer - Tomcat started on port 4096 (http) with context path '/zxk'
2025-07-24 15:51:22 [restartedMain] INFO  c.z.springbootstart.CLZLApplication - Started CLZLApplication in 2.435 seconds (process running for 2802.722)
2025-07-24 15:51:22 [restartedMain] INFO  o.s.b.d.a.ConditionEvaluationDeltaLoggingListener - Condition evaluation unchanged
2025-07-24 15:51:26 [File Watcher] INFO  o.s.b.d.a.LocalDevToolsAutoConfiguration$RestartingClassPathChangeChangedEventListener - Restarting due to 1 class path change (1 addition, 0 deletions, 0 modifications)
2025-07-24 15:51:26 [Thread-11] INFO  o.s.b.w.e.tomcat.GracefulShutdown - Commencing graceful shutdown. Waiting for active requests to complete
2025-07-24 15:51:26 [tomcat-shutdown] INFO  o.a.coyote.http11.Http11NioProtocol - Pausing ProtocolHandler ["http-nio-4096"]
2025-07-24 15:51:26 [tomcat-shutdown] INFO  o.s.b.w.e.tomcat.GracefulShutdown - Graceful shutdown complete
2025-07-24 15:51:26 [Thread-11] INFO  o.a.coyote.http11.Http11NioProtocol - Stopping ProtocolHandler ["http-nio-4096"]
2025-07-24 15:51:26 [Thread-11] INFO  o.s.o.j.LocalContainerEntityManagerFactoryBean - Closing JPA EntityManagerFactory for persistence unit 'default'
2025-07-24 15:51:26 [Thread-11] INFO  com.zaxxer.hikari.HikariDataSource - HikariPool-3 - Shutdown initiated...
2025-07-24 15:51:26 [Thread-11] INFO  com.zaxxer.hikari.HikariDataSource - HikariPool-3 - Shutdown completed.
2025-07-24 15:51:26 [restartedMain] INFO  c.z.springbootstart.CLZLApplication - Starting CLZLApplication using Java 23.0.1 with PID 24384 (D:\springbootstart\target\classes started by 11241 in D:\springbootstart)
2025-07-24 15:51:26 [restartedMain] DEBUG c.z.springbootstart.CLZLApplication - Running with Spring Boot v3.4.0, Spring v6.2.0
2025-07-24 15:51:26 [restartedMain] INFO  c.z.springbootstart.CLZLApplication - No active profile set, falling back to 1 default profile: "default"
2025-07-24 15:51:27 [restartedMain] INFO  o.s.d.r.c.RepositoryConfigurationDelegate - Multiple Spring Data modules found, entering strict repository configuration mode
2025-07-24 15:51:27 [restartedMain] INFO  o.s.d.r.c.RepositoryConfigurationDelegate - Bootstrapping Spring Data JPA repositories in DEFAULT mode.
2025-07-24 15:51:27 [restartedMain] INFO  o.s.d.r.c.RepositoryConfigurationDelegate - Finished Spring Data repository scanning in 20 ms. Found 0 JPA repository interfaces.
2025-07-24 15:51:27 [restartedMain] INFO  o.s.d.r.c.RepositoryConfigurationDelegate - Multiple Spring Data modules found, entering strict repository configuration mode
2025-07-24 15:51:27 [restartedMain] INFO  o.s.d.r.c.RepositoryConfigurationDelegate - Bootstrapping Spring Data Redis repositories in DEFAULT mode.
2025-07-24 15:51:27 [restartedMain] INFO  o.s.d.r.c.RepositoryConfigurationDelegate - Finished Spring Data repository scanning in 13 ms. Found 0 Redis repository interfaces.
2025-07-24 15:51:27 [restartedMain] INFO  o.s.b.w.e.tomcat.TomcatWebServer - Tomcat initialized with port 4096 (http)
2025-07-24 15:51:27 [restartedMain] INFO  o.a.c.core.AprLifecycleListener - An older version [1.3.0] of the Apache Tomcat Native library is installed, while Tomcat recommends a minimum version of [2.0.5]
2025-07-24 15:51:27 [restartedMain] INFO  o.a.c.core.AprLifecycleListener - Loaded Apache Tomcat Native library [1.3.0] using APR version [1.7.4].
2025-07-24 15:51:27 [restartedMain] INFO  o.a.c.core.AprLifecycleListener - OpenSSL successfully initialized [OpenSSL 3.0.13 30 Jan 2024]
2025-07-24 15:51:27 [restartedMain] INFO  o.a.coyote.http11.Http11NioProtocol - Initializing ProtocolHandler ["http-nio-4096"]
2025-07-24 15:51:27 [restartedMain] INFO  o.a.catalina.core.StandardService - Starting service [Tomcat]
2025-07-24 15:51:27 [restartedMain] INFO  o.a.catalina.core.StandardEngine - Starting Servlet engine: [Apache Tomcat/10.1.33]
2025-07-24 15:51:27 [restartedMain] INFO  o.a.c.c.C.[.[localhost].[/zxk] - Initializing Spring embedded WebApplicationContext
2025-07-24 15:51:27 [restartedMain] INFO  o.s.b.w.s.c.ServletWebServerApplicationContext - Root WebApplicationContext: initialization completed in 1010 ms
2025-07-24 15:51:27 [restartedMain] INFO  com.zaxxer.hikari.HikariDataSource - HikariPool-4 - Starting...
2025-07-24 15:51:27 [restartedMain] INFO  com.zaxxer.hikari.pool.HikariPool - HikariPool-4 - Added connection com.mysql.cj.jdbc.ConnectionImpl@a04e377
2025-07-24 15:51:27 [restartedMain] INFO  com.zaxxer.hikari.HikariDataSource - HikariPool-4 - Start completed.
2025-07-24 15:51:27 [restartedMain] INFO  o.h.jpa.internal.util.LogHelper - HHH000204: Processing PersistenceUnitInfo [name: default]
2025-07-24 15:51:27 [restartedMain] INFO  o.h.c.i.RegionFactoryInitiator - HHH000026: Second-level cache disabled
2025-07-24 15:51:27 [restartedMain] INFO  o.s.o.j.p.SpringPersistenceUnitInfo - No LoadTimeWeaver setup: ignoring JPA class transformer
2025-07-24 15:51:28 [restartedMain] INFO  o.hibernate.orm.connections.pooling - HHH10001005: Database info:
	Database JDBC URL [Connecting through datasource 'HikariDataSource (HikariPool-4)']
	Database driver: undefined/unknown
	Database version: 8.2
	Autocommit mode: undefined/unknown
	Isolation level: undefined/unknown
	Minimum pool size: undefined/unknown
	Maximum pool size: undefined/unknown
2025-07-24 15:51:28 [restartedMain] INFO  o.h.e.t.j.p.i.JtaPlatformInitiator - HHH000489: No JTA platform available (set 'hibernate.transaction.jta.platform' to enable JTA platform integration)
2025-07-24 15:51:28 [restartedMain] INFO  o.s.o.j.LocalContainerEntityManagerFactoryBean - Initialized JPA EntityManagerFactory for persistence unit 'default'
2025-07-24 15:51:28 [restartedMain] WARN  o.s.b.a.o.j.JpaBaseConfiguration$JpaWebConfiguration - spring.jpa.open-in-view is enabled by default. Therefore, database queries may be performed during view rendering. Explicitly configure spring.jpa.open-in-view to disable this warning
2025-07-24 15:51:28 [restartedMain] INFO  o.s.b.d.a.OptionalLiveReloadServer - LiveReload server is running on port 35729
2025-07-24 15:51:28 [restartedMain] INFO  o.a.coyote.http11.Http11NioProtocol - Starting ProtocolHandler ["http-nio-4096"]
2025-07-24 15:51:28 [restartedMain] INFO  o.s.b.w.e.tomcat.TomcatWebServer - Tomcat started on port 4096 (http) with context path '/zxk'
2025-07-24 15:51:28 [restartedMain] INFO  c.z.springbootstart.CLZLApplication - Started CLZLApplication in 2.194 seconds (process running for 2808.792)
2025-07-24 15:51:28 [restartedMain] INFO  o.s.b.d.a.ConditionEvaluationDeltaLoggingListener - Condition evaluation unchanged
2025-07-24 15:53:45 [http-nio-4096-exec-2] INFO  o.a.c.c.C.[.[localhost].[/zxk] - Initializing Spring DispatcherServlet 'dispatcherServlet'
2025-07-24 15:53:45 [http-nio-4096-exec-2] INFO  o.s.web.servlet.DispatcherServlet - Initializing Servlet 'dispatcherServlet'
2025-07-24 15:53:45 [http-nio-4096-exec-2] INFO  o.s.web.servlet.DispatcherServlet - Completed initialization in 0 ms
2025-07-24 15:53:47 [http-nio-4096-exec-1] DEBUG c.z.s.mapper.CarMapper.getAllCar - ==>  Preparing: select * from che
2025-07-24 15:53:47 [http-nio-4096-exec-1] DEBUG c.z.s.mapper.CarMapper.getAllCar - ==> Parameters: 
2025-07-24 15:53:47 [http-nio-4096-exec-1] DEBUG c.z.s.mapper.CarMapper.getAllCar - <==      Total: 85
2025-07-24 15:53:51 [http-nio-4096-exec-4] DEBUG c.z.s.mapper.ReplyMapper.getAllReply - ==>  Preparing: select * from replies
2025-07-24 15:53:51 [http-nio-4096-exec-3] DEBUG c.z.s.m.AnnouncementMapper.GetAll - ==>  Preparing: select * from announcements
2025-07-24 15:53:51 [http-nio-4096-exec-3] DEBUG c.z.s.m.AnnouncementMapper.GetAll - ==> Parameters: 
2025-07-24 15:53:51 [http-nio-4096-exec-4] DEBUG c.z.s.mapper.ReplyMapper.getAllReply - ==> Parameters: 
2025-07-24 15:53:51 [http-nio-4096-exec-3] DEBUG c.z.s.m.AnnouncementMapper.GetAll - <==      Total: 5
2025-07-24 15:53:51 [http-nio-4096-exec-4] DEBUG c.z.s.mapper.ReplyMapper.getAllReply - <==      Total: 14
2025-07-24 15:53:54 [http-nio-4096-exec-5] DEBUG c.z.s.mapper.CarMapper.getAllCar - ==>  Preparing: select * from che
2025-07-24 15:53:54 [http-nio-4096-exec-5] DEBUG c.z.s.mapper.CarMapper.getAllCar - ==> Parameters: 
2025-07-24 15:53:54 [http-nio-4096-exec-5] DEBUG c.z.s.mapper.CarMapper.getAllCar - <==      Total: 85
2025-07-24 15:53:56 [http-nio-4096-exec-6] DEBUG c.z.s.mapper.CarMapper.getAllCar - ==>  Preparing: select * from che
2025-07-24 15:53:56 [http-nio-4096-exec-6] DEBUG c.z.s.mapper.CarMapper.getAllCar - ==> Parameters: 
2025-07-24 15:53:56 [http-nio-4096-exec-6] DEBUG c.z.s.mapper.CarMapper.getAllCar - <==      Total: 85
2025-07-24 15:54:28 [http-nio-4096-exec-7] DEBUG c.z.s.mapper.UserMapper.userExist - ==>  Preparing: SELECT EXISTS(SELECT 1 FROM user WHERE username = ? OR email = ?)
2025-07-24 15:54:28 [http-nio-4096-exec-7] DEBUG c.z.s.mapper.UserMapper.userExist - ==> Parameters: yeuser01(String), 112812770@qq.com(String)
2025-07-24 15:54:28 [http-nio-4096-exec-7] DEBUG c.z.s.mapper.UserMapper.userExist - <==      Total: 1
2025-07-24 15:54:29 [http-nio-4096-exec-7] DEBUG c.z.s.mapper.UserMapper.register - ==>  Preparing: insert into user(username,password,email)values(?,?,?)
2025-07-24 15:54:29 [http-nio-4096-exec-7] DEBUG c.z.s.mapper.UserMapper.register - ==> Parameters: yeuser01(String), $2a$10$SsnA/ErKsgmsMVUnLqtcCOcJvps8NCAhJ/YM/V.ct5sVgwPXRe9Ue(String), 112812770@qq.com(String)
2025-07-24 15:54:29 [http-nio-4096-exec-7] DEBUG c.z.s.mapper.UserMapper.register - <==    Updates: 1
2025-07-24 15:54:35 [http-nio-4096-exec-8] DEBUG c.z.s.mapper.UserMapper.findByEmail - ==>  Preparing: select * from user where email = ?
2025-07-24 15:54:35 [http-nio-4096-exec-8] DEBUG c.z.s.mapper.UserMapper.findByEmail - ==> Parameters: 112812770@qq.com(String)
2025-07-24 15:54:35 [http-nio-4096-exec-8] DEBUG c.z.s.mapper.UserMapper.findByEmail - <==      Total: 1
2025-07-24 15:54:35 [http-nio-4096-exec-9] DEBUG c.z.s.mapper.CarMapper.getAllCar - ==>  Preparing: select * from che
2025-07-24 15:54:35 [http-nio-4096-exec-9] DEBUG c.z.s.mapper.CarMapper.getAllCar - ==> Parameters: 
2025-07-24 15:54:35 [http-nio-4096-exec-9] DEBUG c.z.s.mapper.CarMapper.getAllCar - <==      Total: 85
2025-07-24 15:54:49 [http-nio-4096-exec-10] DEBUG c.z.s.mapper.OrderMapper.insert - ==>  Preparing: INSERT INTO `order`(user_id, che_num, order_id, request_date, status) VALUES(?, ?, ?, ?, ?)
2025-07-24 15:54:49 [http-nio-4096-exec-10] DEBUG c.z.s.mapper.OrderMapper.insert - ==> Parameters: 12(Integer), 40006(String), 0(Integer), null, PENDING(String)
2025-07-24 15:54:49 [http-nio-4096-exec-10] DEBUG c.z.s.mapper.OrderMapper.insert - <==    Updates: 1
2025-07-24 15:54:49 [http-nio-4096-exec-10] DEBUG c.z.s.mapper.CarMapper.updateCar - ==>  Preparing: UPDATE che SET is_zl = 1 WHERE che_num =?
2025-07-24 15:54:49 [http-nio-4096-exec-10] DEBUG c.z.s.mapper.CarMapper.updateCar - ==> Parameters: 40006(String)
2025-07-24 15:54:49 [http-nio-4096-exec-10] DEBUG c.z.s.mapper.CarMapper.updateCar - <==    Updates: 1
2025-07-24 15:54:50 [http-nio-4096-exec-2] DEBUG c.z.s.mapper.CarMapper.getAllCar - ==>  Preparing: select * from che
2025-07-24 15:54:50 [http-nio-4096-exec-2] DEBUG c.z.s.mapper.CarMapper.getAllCar - ==> Parameters: 
2025-07-24 15:54:50 [http-nio-4096-exec-2] DEBUG c.z.s.mapper.CarMapper.getAllCar - <==      Total: 85
2025-07-24 15:54:54 [http-nio-4096-exec-1] DEBUG c.z.s.mapper.UserMapper.findById - ==>  Preparing: select * from user where id = ?
2025-07-24 15:54:54 [http-nio-4096-exec-1] DEBUG c.z.s.mapper.UserMapper.findById - ==> Parameters: 12(Integer)
2025-07-24 15:54:54 [http-nio-4096-exec-1] DEBUG c.z.s.mapper.UserMapper.findById - <==      Total: 1
2025-07-24 15:54:54 [http-nio-4096-exec-1] DEBUG c.z.s.mapper.OrderMapper.getByID - ==>  Preparing: select * from `order` where user_id = ?
2025-07-24 15:54:54 [http-nio-4096-exec-1] DEBUG c.z.s.mapper.OrderMapper.getByID - ==> Parameters: 12(Integer)
2025-07-24 15:54:54 [http-nio-4096-exec-1] DEBUG c.z.s.mapper.OrderMapper.getByID - <==      Total: 1
2025-07-24 15:54:59 [http-nio-4096-exec-3] DEBUG c.z.s.mapper.CarMapper.getAllCar - ==>  Preparing: select * from che
2025-07-24 15:54:59 [http-nio-4096-exec-3] DEBUG c.z.s.mapper.CarMapper.getAllCar - ==> Parameters: 
2025-07-24 15:54:59 [http-nio-4096-exec-3] DEBUG c.z.s.mapper.CarMapper.getAllCar - <==      Total: 85
2025-07-24 15:55:04 [http-nio-4096-exec-5] DEBUG c.z.s.mapper.CarMapper.getAllCar - ==>  Preparing: select * from che
2025-07-24 15:55:04 [http-nio-4096-exec-5] DEBUG c.z.s.mapper.CarMapper.getAllCar - ==> Parameters: 
2025-07-24 15:55:04 [http-nio-4096-exec-5] DEBUG c.z.s.mapper.CarMapper.getAllCar - <==      Total: 85
2025-07-24 15:55:17 [http-nio-4096-exec-6] DEBUG c.z.s.mapper.UserMapper.findByEmail - ==>  Preparing: select * from user where email = ?
2025-07-24 15:55:17 [http-nio-4096-exec-6] DEBUG c.z.s.mapper.UserMapper.findByEmail - ==> Parameters: 1124127770@qq.com(String)
2025-07-24 15:55:17 [http-nio-4096-exec-6] DEBUG c.z.s.mapper.UserMapper.findByEmail - <==      Total: 1
2025-07-24 15:55:17 [http-nio-4096-exec-7] DEBUG c.z.s.mapper.CarMapper.getAllCar - ==>  Preparing: select * from che
2025-07-24 15:55:17 [http-nio-4096-exec-7] DEBUG c.z.s.mapper.CarMapper.getAllCar - ==> Parameters: 
2025-07-24 15:55:17 [http-nio-4096-exec-7] DEBUG c.z.s.mapper.CarMapper.getAllCar - <==      Total: 85
2025-07-24 15:55:24 [http-nio-4096-exec-8] DEBUG c.z.s.mapper.UserMapper.findById - ==>  Preparing: select * from user where id = ?
2025-07-24 15:55:24 [http-nio-4096-exec-8] DEBUG c.z.s.mapper.UserMapper.findById - ==> Parameters: 1(Integer)
2025-07-24 15:55:24 [http-nio-4096-exec-8] DEBUG c.z.s.mapper.UserMapper.findById - <==      Total: 1
2025-07-24 15:55:24 [http-nio-4096-exec-8] DEBUG c.z.s.mapper.OrderMapper.getAll - ==>  Preparing: select * from `order`
2025-07-24 15:55:24 [http-nio-4096-exec-8] DEBUG c.z.s.mapper.OrderMapper.getAll - ==> Parameters: 
2025-07-24 15:55:24 [http-nio-4096-exec-8] DEBUG c.z.s.mapper.OrderMapper.getAll - <==      Total: 6
2025-07-24 15:55:33 [http-nio-4096-exec-9] DEBUG c.z.s.mapper.CarMapper.getAllCar - ==>  Preparing: select * from che
2025-07-24 15:55:33 [http-nio-4096-exec-9] DEBUG c.z.s.mapper.CarMapper.getAllCar - ==> Parameters: 
2025-07-24 15:55:33 [http-nio-4096-exec-9] DEBUG c.z.s.mapper.CarMapper.getAllCar - <==      Total: 85
2025-07-24 15:55:34 [http-nio-4096-exec-10] DEBUG c.z.s.mapper.UserMapper.findById - ==>  Preparing: select * from user where id = ?
2025-07-24 15:55:34 [http-nio-4096-exec-10] DEBUG c.z.s.mapper.UserMapper.findById - ==> Parameters: 1(Integer)
2025-07-24 15:55:35 [http-nio-4096-exec-10] DEBUG c.z.s.mapper.UserMapper.findById - <==      Total: 1
2025-07-24 15:55:35 [http-nio-4096-exec-10] DEBUG c.z.s.mapper.OrderMapper.getAll - ==>  Preparing: select * from `order`
2025-07-24 15:55:35 [http-nio-4096-exec-10] DEBUG c.z.s.mapper.OrderMapper.getAll - ==> Parameters: 
2025-07-24 15:55:35 [http-nio-4096-exec-10] DEBUG c.z.s.mapper.OrderMapper.getAll - <==      Total: 6
2025-07-24 15:55:35 [http-nio-4096-exec-2] DEBUG c.z.s.mapper.CarMapper.getAllCar - ==>  Preparing: select * from che
2025-07-24 15:55:35 [http-nio-4096-exec-2] DEBUG c.z.s.mapper.CarMapper.getAllCar - ==> Parameters: 
2025-07-24 15:55:35 [http-nio-4096-exec-2] DEBUG c.z.s.mapper.CarMapper.getAllCar - <==      Total: 85
2025-07-24 15:55:44 [http-nio-4096-exec-3] DEBUG c.z.s.mapper.CarMapper.getAllCar - ==>  Preparing: select * from che
2025-07-24 15:55:44 [http-nio-4096-exec-3] DEBUG c.z.s.mapper.CarMapper.getAllCar - ==> Parameters: 
2025-07-24 15:55:44 [http-nio-4096-exec-3] DEBUG c.z.s.mapper.CarMapper.getAllCar - <==      Total: 85
2025-07-24 15:55:53 [http-nio-4096-exec-4] DEBUG c.z.s.m.AnnouncementMapper.GetAll - ==>  Preparing: select * from announcements
2025-07-24 15:55:53 [http-nio-4096-exec-4] DEBUG c.z.s.m.AnnouncementMapper.GetAll - ==> Parameters: 
2025-07-24 15:55:53 [http-nio-4096-exec-5] DEBUG c.z.s.mapper.ReplyMapper.getAllReply - ==>  Preparing: select * from replies
2025-07-24 15:55:53 [http-nio-4096-exec-5] DEBUG c.z.s.mapper.ReplyMapper.getAllReply - ==> Parameters: 
2025-07-24 15:55:53 [http-nio-4096-exec-4] DEBUG c.z.s.m.AnnouncementMapper.GetAll - <==      Total: 5
2025-07-24 15:55:53 [http-nio-4096-exec-5] DEBUG c.z.s.mapper.ReplyMapper.getAllReply - <==      Total: 14
2025-07-24 15:56:09 [http-nio-4096-exec-6] DEBUG c.z.s.mapper.ReplyMapper.insertReply - ==>  Preparing: insert into replies(anid,retext,nickname) values(?,?,?)
2025-07-24 15:56:09 [http-nio-4096-exec-6] DEBUG c.z.s.mapper.ReplyMapper.insertReply - ==> Parameters: 1(Integer), 11111
(String), null
2025-07-24 15:56:09 [http-nio-4096-exec-6] DEBUG c.z.s.mapper.ReplyMapper.insertReply - <==    Updates: 1
2025-07-24 15:56:10 [http-nio-4096-exec-7] DEBUG c.z.s.m.AnnouncementMapper.GetAll - ==>  Preparing: select * from announcements
2025-07-24 15:56:10 [http-nio-4096-exec-8] DEBUG c.z.s.mapper.ReplyMapper.getAllReply - ==>  Preparing: select * from replies
2025-07-24 15:56:10 [http-nio-4096-exec-7] DEBUG c.z.s.m.AnnouncementMapper.GetAll - ==> Parameters: 
2025-07-24 15:56:10 [http-nio-4096-exec-8] DEBUG c.z.s.mapper.ReplyMapper.getAllReply - ==> Parameters: 
2025-07-24 15:56:10 [http-nio-4096-exec-7] DEBUG c.z.s.m.AnnouncementMapper.GetAll - <==      Total: 5
2025-07-24 15:56:10 [http-nio-4096-exec-8] DEBUG c.z.s.mapper.ReplyMapper.getAllReply - <==      Total: 15
2025-07-24 15:56:29 [http-nio-4096-exec-9] DEBUG c.z.s.m.AnnouncementMapper.GetAll - ==>  Preparing: select * from announcements
2025-07-24 15:56:29 [http-nio-4096-exec-10] DEBUG c.z.s.mapper.ReplyMapper.getAllReply - ==>  Preparing: select * from replies
2025-07-24 15:56:29 [http-nio-4096-exec-9] DEBUG c.z.s.m.AnnouncementMapper.GetAll - ==> Parameters: 
2025-07-24 15:56:29 [http-nio-4096-exec-10] DEBUG c.z.s.mapper.ReplyMapper.getAllReply - ==> Parameters: 
2025-07-24 15:56:29 [http-nio-4096-exec-9] DEBUG c.z.s.m.AnnouncementMapper.GetAll - <==      Total: 5
2025-07-24 15:56:29 [http-nio-4096-exec-10] DEBUG c.z.s.mapper.ReplyMapper.getAllReply - <==      Total: 15
2025-07-24 15:56:30 [http-nio-4096-exec-2] DEBUG c.z.s.m.AnnouncementMapper.GetAll - ==>  Preparing: select * from announcements
2025-07-24 15:56:30 [http-nio-4096-exec-1] DEBUG c.z.s.mapper.ReplyMapper.getAllReply - ==>  Preparing: select * from replies
2025-07-24 15:56:30 [http-nio-4096-exec-2] DEBUG c.z.s.m.AnnouncementMapper.GetAll - ==> Parameters: 
2025-07-24 15:56:30 [http-nio-4096-exec-1] DEBUG c.z.s.mapper.ReplyMapper.getAllReply - ==> Parameters: 
2025-07-24 15:56:30 [http-nio-4096-exec-2] DEBUG c.z.s.m.AnnouncementMapper.GetAll - <==      Total: 5
2025-07-24 15:56:30 [http-nio-4096-exec-1] DEBUG c.z.s.mapper.ReplyMapper.getAllReply - <==      Total: 15
2025-07-24 15:56:38 [virtual-287] DEBUG c.z.s.m.A.incrementCount - ==>  Preparing: UPDATE announcements SET like_count = like_count + ? WHERE id = ?
2025-07-24 15:56:38 [virtual-287] DEBUG c.z.s.m.A.incrementCount - ==> Parameters: 8(Long), 1(Integer)
2025-07-24 15:56:38 [virtual-287] DEBUG c.z.s.m.A.incrementCount - <==    Updates: 1
2025-07-24 15:56:44 [virtual-290] DEBUG c.z.s.m.A.incrementCount - ==>  Preparing: UPDATE announcements SET like_count = like_count + ? WHERE id = ?
2025-07-24 15:56:44 [virtual-290] DEBUG c.z.s.m.A.incrementCount - ==> Parameters: 3(Long), 1(Integer)
2025-07-24 15:56:44 [virtual-290] DEBUG c.z.s.m.A.incrementCount - <==    Updates: 1
2025-07-24 15:56:49 [virtual-292] DEBUG c.z.s.m.A.incrementCount - ==>  Preparing: UPDATE announcements SET like_count = like_count + ? WHERE id = ?
2025-07-24 15:56:49 [virtual-292] DEBUG c.z.s.m.A.incrementCount - ==> Parameters: 2(Long), 1(Integer)
2025-07-24 15:56:49 [virtual-292] DEBUG c.z.s.m.A.incrementCount - <==    Updates: 1
2025-07-24 15:56:51 [virtual-294] DEBUG c.z.s.m.A.incrementCount - ==>  Preparing: UPDATE announcements SET like_count = like_count + ? WHERE id = ?
2025-07-24 15:56:51 [virtual-294] DEBUG c.z.s.m.A.incrementCount - ==> Parameters: 3(Long), 1(Integer)
2025-07-24 15:56:51 [virtual-294] DEBUG c.z.s.m.A.incrementCount - <==    Updates: 1
2025-07-24 15:56:51 [virtual-296] DEBUG c.z.s.m.A.incrementCount - ==>  Preparing: UPDATE announcements SET like_count = like_count + ? WHERE id = ?
2025-07-24 15:56:51 [virtual-296] DEBUG c.z.s.m.A.incrementCount - ==> Parameters: 1(Long), 1(Integer)
2025-07-24 15:56:51 [virtual-296] DEBUG c.z.s.m.A.incrementCount - <==    Updates: 1
2025-07-24 15:56:54 [virtual-298] DEBUG c.z.s.m.A.incrementCount - ==>  Preparing: UPDATE announcements SET like_count = like_count + ? WHERE id = ?
2025-07-24 15:56:54 [virtual-298] DEBUG c.z.s.m.A.incrementCount - ==> Parameters: 17(Long), 1(Integer)
2025-07-24 15:56:54 [virtual-298] DEBUG c.z.s.m.A.incrementCount - <==    Updates: 1
2025-07-24 15:56:58 [http-nio-4096-exec-10] DEBUG c.z.s.mapper.ReplyMapper.getAllReply - ==>  Preparing: select * from replies
2025-07-24 15:56:58 [http-nio-4096-exec-9] DEBUG c.z.s.m.AnnouncementMapper.GetAll - ==>  Preparing: select * from announcements
2025-07-24 15:56:58 [http-nio-4096-exec-10] DEBUG c.z.s.mapper.ReplyMapper.getAllReply - ==> Parameters: 
2025-07-24 15:56:58 [http-nio-4096-exec-9] DEBUG c.z.s.m.AnnouncementMapper.GetAll - ==> Parameters: 
2025-07-24 15:56:58 [http-nio-4096-exec-9] DEBUG c.z.s.m.AnnouncementMapper.GetAll - <==      Total: 5
2025-07-24 15:56:58 [http-nio-4096-exec-10] DEBUG c.z.s.mapper.ReplyMapper.getAllReply - <==      Total: 15
2025-07-24 15:56:58 [http-nio-4096-exec-2] DEBUG c.z.s.mapper.ReplyMapper.getAllReply - ==>  Preparing: select * from replies
2025-07-24 15:56:58 [http-nio-4096-exec-1] DEBUG c.z.s.m.AnnouncementMapper.GetAll - ==>  Preparing: select * from announcements
2025-07-24 15:56:58 [http-nio-4096-exec-2] DEBUG c.z.s.mapper.ReplyMapper.getAllReply - ==> Parameters: 
2025-07-24 15:56:58 [http-nio-4096-exec-1] DEBUG c.z.s.m.AnnouncementMapper.GetAll - ==> Parameters: 
2025-07-24 15:56:58 [http-nio-4096-exec-1] DEBUG c.z.s.m.AnnouncementMapper.GetAll - <==      Total: 5
2025-07-24 15:56:58 [http-nio-4096-exec-2] DEBUG c.z.s.mapper.ReplyMapper.getAllReply - <==      Total: 15
2025-07-24 15:57:40 [virtual-301] DEBUG c.z.s.m.A.incrementCount - ==>  Preparing: UPDATE announcements SET like_count = like_count + ? WHERE id = ?
2025-07-24 15:57:40 [virtual-301] DEBUG c.z.s.m.A.incrementCount - ==> Parameters: 2(Long), 1(Integer)
2025-07-24 15:57:40 [virtual-301] DEBUG c.z.s.m.A.incrementCount - <==    Updates: 1
2025-07-24 15:57:51 [virtual-304] DEBUG c.z.s.m.A.incrementCount - ==>  Preparing: UPDATE announcements SET like_count = like_count + ? WHERE id = ?
2025-07-24 15:57:51 [virtual-304] DEBUG c.z.s.m.A.incrementCount - ==> Parameters: 1(Long), 1(Integer)
2025-07-24 15:57:51 [virtual-304] DEBUG c.z.s.m.A.incrementCount - <==    Updates: 1
2025-07-24 15:58:59 [http-nio-4096-exec-5] DEBUG c.z.s.mapper.CarMapper.getAllCar - ==>  Preparing: select * from che
2025-07-24 15:58:59 [http-nio-4096-exec-5] DEBUG c.z.s.mapper.CarMapper.getAllCar - ==> Parameters: 
2025-07-24 15:58:59 [http-nio-4096-exec-5] DEBUG c.z.s.mapper.CarMapper.getAllCar - <==      Total: 85
2025-07-24 15:59:17 [http-nio-4096-exec-6] DEBUG c.z.s.mapper.CarMapper.getAllCar - ==>  Preparing: select * from che
2025-07-24 15:59:17 [http-nio-4096-exec-6] DEBUG c.z.s.mapper.CarMapper.getAllCar - ==> Parameters: 
2025-07-24 15:59:17 [http-nio-4096-exec-6] DEBUG c.z.s.mapper.CarMapper.getAllCar - <==      Total: 85
2025-07-24 15:59:19 [http-nio-4096-exec-7] DEBUG c.z.s.mapper.CarMapper.getAllCar - ==>  Preparing: select * from che
2025-07-24 15:59:19 [http-nio-4096-exec-7] DEBUG c.z.s.mapper.CarMapper.getAllCar - ==> Parameters: 
2025-07-24 15:59:19 [http-nio-4096-exec-7] DEBUG c.z.s.mapper.CarMapper.getAllCar - <==      Total: 85
2025-07-24 16:01:08 [http-nio-4096-exec-8] DEBUG c.z.s.mapper.UserMapper.findByEmail - ==>  Preparing: select * from user where email = ?
2025-07-24 16:01:08 [http-nio-4096-exec-8] DEBUG c.z.s.mapper.UserMapper.findByEmail - ==> Parameters: user01(String)
2025-07-24 16:01:08 [http-nio-4096-exec-8] DEBUG c.z.s.mapper.UserMapper.findByEmail - <==      Total: 0
2025-07-24 16:01:08 [http-nio-4096-exec-8] DEBUG c.z.s.m.UserMapper.findByUsername - ==>  Preparing: select * from user where username =?
2025-07-24 16:01:08 [http-nio-4096-exec-8] DEBUG c.z.s.m.UserMapper.findByUsername - ==> Parameters: user01(String)
2025-07-24 16:01:08 [http-nio-4096-exec-8] DEBUG c.z.s.m.UserMapper.findByUsername - <==      Total: 1
2025-07-24 16:01:08 [http-nio-4096-exec-9] DEBUG c.z.s.mapper.CarMapper.getAllCar - ==>  Preparing: select * from che
2025-07-24 16:01:08 [http-nio-4096-exec-9] DEBUG c.z.s.mapper.CarMapper.getAllCar - ==> Parameters: 
2025-07-24 16:01:08 [http-nio-4096-exec-9] DEBUG c.z.s.mapper.CarMapper.getAllCar - <==      Total: 85
2025-07-24 16:01:18 [http-nio-4096-exec-10] DEBUG c.z.s.mapper.OrderMapper.insert - ==>  Preparing: INSERT INTO `order`(user_id, che_num, order_id, request_date, status) VALUES(?, ?, ?, ?, ?)
2025-07-24 16:01:18 [http-nio-4096-exec-10] DEBUG c.z.s.mapper.OrderMapper.insert - ==> Parameters: 3(Integer), 40007(String), 0(Integer), null, PENDING(String)
2025-07-24 16:01:18 [http-nio-4096-exec-10] DEBUG c.z.s.mapper.OrderMapper.insert - <==    Updates: 1
2025-07-24 16:01:18 [http-nio-4096-exec-10] DEBUG c.z.s.mapper.CarMapper.updateCar - ==>  Preparing: UPDATE che SET is_zl = 1 WHERE che_num =?
2025-07-24 16:01:18 [http-nio-4096-exec-10] DEBUG c.z.s.mapper.CarMapper.updateCar - ==> Parameters: 40007(String)
2025-07-24 16:01:18 [http-nio-4096-exec-10] DEBUG c.z.s.mapper.CarMapper.updateCar - <==    Updates: 1
2025-07-24 16:01:19 [http-nio-4096-exec-1] DEBUG c.z.s.mapper.CarMapper.getAllCar - ==>  Preparing: select * from che
2025-07-24 16:01:19 [http-nio-4096-exec-1] DEBUG c.z.s.mapper.CarMapper.getAllCar - ==> Parameters: 
2025-07-24 16:01:19 [http-nio-4096-exec-1] DEBUG c.z.s.mapper.CarMapper.getAllCar - <==      Total: 85
2025-07-24 16:01:49 [http-nio-4096-exec-2] DEBUG c.z.s.mapper.UserMapper.findById - ==>  Preparing: select * from user where id = ?
2025-07-24 16:01:49 [http-nio-4096-exec-2] DEBUG c.z.s.mapper.UserMapper.findById - ==> Parameters: 3(Integer)
2025-07-24 16:01:49 [http-nio-4096-exec-2] DEBUG c.z.s.mapper.UserMapper.findById - <==      Total: 1
2025-07-24 16:01:49 [http-nio-4096-exec-2] DEBUG c.z.s.mapper.OrderMapper.getByID - ==>  Preparing: select * from `order` where user_id = ?
2025-07-24 16:01:49 [http-nio-4096-exec-2] DEBUG c.z.s.mapper.OrderMapper.getByID - ==> Parameters: 3(Integer)
2025-07-24 16:01:49 [http-nio-4096-exec-2] DEBUG c.z.s.mapper.OrderMapper.getByID - <==      Total: 4
2025-07-24 16:02:02 [http-nio-4096-exec-3] DEBUG c.z.s.mapper.OrderMapper.reset - ==>  Preparing: UPDATE `order` SET status = 'CANCELLED' WHERE order_id =?
2025-07-24 16:02:02 [http-nio-4096-exec-3] DEBUG c.z.s.mapper.OrderMapper.reset - ==> Parameters: 7(Integer)
2025-07-24 16:02:02 [http-nio-4096-exec-3] DEBUG c.z.s.mapper.OrderMapper.reset - <==    Updates: 1
2025-07-24 16:02:03 [http-nio-4096-exec-4] DEBUG c.z.s.mapper.UserMapper.findById - ==>  Preparing: select * from user where id = ?
2025-07-24 16:02:03 [http-nio-4096-exec-4] DEBUG c.z.s.mapper.UserMapper.findById - ==> Parameters: 3(Integer)
2025-07-24 16:02:03 [http-nio-4096-exec-4] DEBUG c.z.s.mapper.UserMapper.findById - <==      Total: 1
2025-07-24 16:02:03 [http-nio-4096-exec-4] DEBUG c.z.s.mapper.OrderMapper.getByID - ==>  Preparing: select * from `order` where user_id = ?
2025-07-24 16:02:03 [http-nio-4096-exec-4] DEBUG c.z.s.mapper.OrderMapper.getByID - ==> Parameters: 3(Integer)
2025-07-24 16:02:03 [http-nio-4096-exec-4] DEBUG c.z.s.mapper.OrderMapper.getByID - <==      Total: 4
2025-07-24 16:02:12 [http-nio-4096-exec-6] DEBUG c.z.s.mapper.CarMapper.getAllCar - ==>  Preparing: select * from che
2025-07-24 16:02:12 [http-nio-4096-exec-6] DEBUG c.z.s.mapper.CarMapper.getAllCar - ==> Parameters: 
2025-07-24 16:02:12 [http-nio-4096-exec-6] DEBUG c.z.s.mapper.CarMapper.getAllCar - <==      Total: 85
2025-07-24 16:02:17 [http-nio-4096-exec-7] DEBUG c.z.s.mapper.UserMapper.findByEmail - ==>  Preparing: select * from user where email = ?
2025-07-24 16:02:17 [http-nio-4096-exec-7] DEBUG c.z.s.mapper.UserMapper.findByEmail - ==> Parameters: 112812770@qq.com(String)
2025-07-24 16:02:17 [http-nio-4096-exec-7] DEBUG c.z.s.mapper.UserMapper.findByEmail - <==      Total: 1
2025-07-24 16:02:18 [http-nio-4096-exec-8] DEBUG c.z.s.mapper.CarMapper.getAllCar - ==>  Preparing: select * from che
2025-07-24 16:02:18 [http-nio-4096-exec-8] DEBUG c.z.s.mapper.CarMapper.getAllCar - ==> Parameters: 
2025-07-24 16:02:18 [http-nio-4096-exec-8] DEBUG c.z.s.mapper.CarMapper.getAllCar - <==      Total: 85
2025-07-24 16:02:23 [http-nio-4096-exec-9] DEBUG c.z.s.mapper.UserMapper.findById - ==>  Preparing: select * from user where id = ?
2025-07-24 16:02:23 [http-nio-4096-exec-9] DEBUG c.z.s.mapper.UserMapper.findById - ==> Parameters: 12(Integer)
2025-07-24 16:02:23 [http-nio-4096-exec-9] DEBUG c.z.s.mapper.UserMapper.findById - <==      Total: 1
2025-07-24 16:02:23 [http-nio-4096-exec-9] DEBUG c.z.s.mapper.OrderMapper.getByID - ==>  Preparing: select * from `order` where user_id = ?
2025-07-24 16:02:23 [http-nio-4096-exec-9] DEBUG c.z.s.mapper.OrderMapper.getByID - ==> Parameters: 12(Integer)
2025-07-24 16:02:23 [http-nio-4096-exec-9] DEBUG c.z.s.mapper.OrderMapper.getByID - <==      Total: 1
2025-07-24 16:02:25 [http-nio-4096-exec-10] DEBUG c.z.s.mapper.CarMapper.getAllCar - ==>  Preparing: select * from che
2025-07-24 16:02:25 [http-nio-4096-exec-10] DEBUG c.z.s.mapper.CarMapper.getAllCar - ==> Parameters: 
2025-07-24 16:02:25 [http-nio-4096-exec-10] DEBUG c.z.s.mapper.CarMapper.getAllCar - <==      Total: 85
2025-07-24 16:02:31 [http-nio-4096-exec-2] DEBUG c.z.s.mapper.CarMapper.getAllCar - ==>  Preparing: select * from che
2025-07-24 16:02:31 [http-nio-4096-exec-2] DEBUG c.z.s.mapper.CarMapper.getAllCar - ==> Parameters: 
2025-07-24 16:02:31 [http-nio-4096-exec-2] DEBUG c.z.s.mapper.CarMapper.getAllCar - <==      Total: 85
2025-07-24 16:02:44 [http-nio-4096-exec-3] DEBUG c.z.s.mapper.UserMapper.findByEmail - ==>  Preparing: select * from user where email = ?
2025-07-24 16:02:44 [http-nio-4096-exec-3] DEBUG c.z.s.mapper.UserMapper.findByEmail - ==> Parameters: 1124127770@qq.com(String)
2025-07-24 16:02:44 [http-nio-4096-exec-3] DEBUG c.z.s.mapper.UserMapper.findByEmail - <==      Total: 1
2025-07-24 16:02:45 [http-nio-4096-exec-4] DEBUG c.z.s.mapper.CarMapper.getAllCar - ==>  Preparing: select * from che
2025-07-24 16:02:45 [http-nio-4096-exec-4] DEBUG c.z.s.mapper.CarMapper.getAllCar - ==> Parameters: 
2025-07-24 16:02:45 [http-nio-4096-exec-4] DEBUG c.z.s.mapper.CarMapper.getAllCar - <==      Total: 85
2025-07-24 16:02:50 [http-nio-4096-exec-5] DEBUG c.z.s.mapper.UserMapper.findById - ==>  Preparing: select * from user where id = ?
2025-07-24 16:02:50 [http-nio-4096-exec-5] DEBUG c.z.s.mapper.UserMapper.findById - ==> Parameters: 1(Integer)
2025-07-24 16:02:50 [http-nio-4096-exec-5] DEBUG c.z.s.mapper.UserMapper.findById - <==      Total: 1
2025-07-24 16:02:50 [http-nio-4096-exec-5] DEBUG c.z.s.mapper.OrderMapper.getAll - ==>  Preparing: select * from `order`
2025-07-24 16:02:50 [http-nio-4096-exec-5] DEBUG c.z.s.mapper.OrderMapper.getAll - ==> Parameters: 
2025-07-24 16:02:50 [http-nio-4096-exec-5] DEBUG c.z.s.mapper.OrderMapper.getAll - <==      Total: 7
2025-07-24 16:03:29 [http-nio-4096-exec-6] DEBUG c.z.s.mapper.OrderMapper.reset - ==>  Preparing: UPDATE `order` SET status = 'CANCELLED' WHERE order_id =?
2025-07-24 16:03:29 [http-nio-4096-exec-6] DEBUG c.z.s.mapper.OrderMapper.reset - ==> Parameters: 8(Integer)
2025-07-24 16:03:29 [http-nio-4096-exec-6] DEBUG c.z.s.mapper.OrderMapper.reset - <==    Updates: 1
2025-07-24 16:03:30 [http-nio-4096-exec-7] DEBUG c.z.s.mapper.UserMapper.findById - ==>  Preparing: select * from user where id = ?
2025-07-24 16:03:30 [http-nio-4096-exec-7] DEBUG c.z.s.mapper.UserMapper.findById - ==> Parameters: 1(Integer)
2025-07-24 16:03:30 [http-nio-4096-exec-7] DEBUG c.z.s.mapper.UserMapper.findById - <==      Total: 1
2025-07-24 16:03:30 [http-nio-4096-exec-7] DEBUG c.z.s.mapper.OrderMapper.getAll - ==>  Preparing: select * from `order`
2025-07-24 16:03:30 [http-nio-4096-exec-7] DEBUG c.z.s.mapper.OrderMapper.getAll - ==> Parameters: 
2025-07-24 16:03:30 [http-nio-4096-exec-7] DEBUG c.z.s.mapper.OrderMapper.getAll - <==      Total: 7
2025-07-24 16:03:32 [http-nio-4096-exec-8] DEBUG c.z.s.mapper.CarMapper.getAllCar - ==>  Preparing: select * from che
2025-07-24 16:03:32 [http-nio-4096-exec-8] DEBUG c.z.s.mapper.CarMapper.getAllCar - ==> Parameters: 
2025-07-24 16:03:32 [http-nio-4096-exec-8] DEBUG c.z.s.mapper.CarMapper.getAllCar - <==      Total: 85
2025-07-24 16:05:31 [HikariPool-4 housekeeper] WARN  com.zaxxer.hikari.pool.HikariPool - HikariPool-4 - Thread starvation or clock leap detected (housekeeper delta=1m35s992ms953µs100ns).
2025-07-24 16:05:33 [SpringApplicationShutdownHook] INFO  o.s.b.w.e.tomcat.GracefulShutdown - Commencing graceful shutdown. Waiting for active requests to complete
2025-07-24 16:05:33 [tomcat-shutdown] INFO  o.s.b.w.e.tomcat.GracefulShutdown - Graceful shutdown complete
2025-07-24 16:05:33 [SpringApplicationShutdownHook] INFO  o.s.o.j.LocalContainerEntityManagerFactoryBean - Closing JPA EntityManagerFactory for persistence unit 'default'
2025-07-24 16:05:33 [SpringApplicationShutdownHook] INFO  com.zaxxer.hikari.HikariDataSource - HikariPool-4 - Shutdown initiated...
2025-07-24 16:05:33 [SpringApplicationShutdownHook] INFO  com.zaxxer.hikari.HikariDataSource - HikariPool-4 - Shutdown completed.
